2024-12-15 09:35:43,627 - [1/1352] Error processing Kareem Abdul-Jabbar: invalid literal for int() with base 10: '12/01/1979'
2024-12-15 09:35:44,811 - [3/1352] Error processing Shareef Abdur-Rahim: invalid literal for int() with base 10: '2001-11-25T00:00:00'
2024-12-15 09:35:47,005 - [6/1352] Error processing Michael Adams: invalid literal for int() with base 10: '1988-12-11T00:00:00'
2024-12-15 09:35:48,091 - [8/1352] Error processing Bam Adebayo: invalid literal for int() with base 10: '2019-12-09T00:00:00'
2024-12-15 09:35:48,431 - [9/1352] Error processing Mark Aguirre: invalid literal for int() with base 10: '01/01/1984'
2024-12-15 09:35:50,590 - [11/1352] Error processing LaMarcus Aldridge: invalid literal for int() with base 10: '02/01/2011'
2024-12-15 09:35:51,357 - [12/1352] Error processing Courtney Alexander: invalid literal for int() with base 10: '04/01/2001'
2024-12-15 09:35:52,450 - [14/1352] Error processing Jarrett Allen: invalid literal for int() with base 10: '2021-11-01T00:00:00'
2024-12-15 09:35:53,905 - [16/1352] Error processing Ray Allen: invalid literal for int() with base 10: '2001-04-15T00:00:00'
2024-12-15 09:35:58,565 - [21/1352] Error processing Derek Anderson: invalid literal for int() with base 10: '2001-03-11T00:00:00'
2024-12-15 09:35:59,053 - [22/1352] Error processing Greg Anderson: invalid literal for int() with base 10: '03/01/1988'
2024-12-15 09:36:01,314 - [24/1352] Error processing Kenny Anderson: invalid literal for int() with base 10: '1994-01-23T00:00:00'
2024-12-15 09:36:01,631 - [25/1352] Error processing Nick Anderson: invalid literal for int() with base 10: '1992-01-26T00:00:00'
2024-12-15 09:36:05,873 - [28/1352] Error processing Willie Anderson: invalid literal for int() with base 10: '11/01/1988'
2024-12-15 09:36:14,056 - [30/1352] Error processing Giannis Antetokounmpo: invalid literal for int() with base 10: '(null)'
2024-12-15 09:36:20,479 - [32/1352] Error processing Carmelo Anthony: invalid literal for int() with base 10: '03/01/2006'
2024-12-15 09:36:23,924 - [35/1352] Error processing Nate Archibald: invalid literal for int() with base 10: '1981-01-11T00:00:00'
2024-12-15 09:36:26,223 - [38/1352] Error processing Gilbert Arenas: invalid literal for int() with base 10: '12/01/2006'
2024-12-15 09:36:31,456 - [42/1352] Error processing Darrell Armstrong: invalid literal for int() with base 10: '1999-03-28T00:00:00'
2024-12-15 09:36:37,282 - [47/1352] Error processing Stacey Augmon: invalid literal for int() with base 10: '04/01/1992'
2024-12-15 09:36:41,443 - [52/1352] Error processing Deandre Ayton: invalid literal for int() with base 10: '2022-11-21T00:00:00'
2024-12-15 09:36:44,206 - [55/1352] Error processing Vin Baker: invalid literal for int() with base 10: '02/01/1994'
2024-12-15 09:36:44,595 - [56/1352] Error processing LaMelo Ball: invalid literal for int() with base 10: '1/1/2021'
2024-12-15 09:36:45,686 - [58/1352] Error processing Greg Ballard: invalid literal for int() with base 10: '1980-01-13T00:00:00'
2024-12-15 09:36:45,801 - [59/1352] Error processing Paolo Banchero: invalid literal for int() with base 10: '1/1/2023'
2024-12-15 09:36:49,262 - [63/1352] Error processing J.J. Barea: invalid literal for int() with base 10: '2016-04-04T00:00:00'
2024-12-15 09:36:50,027 - [64/1352] Error processing Andrea Bargnani: invalid literal for int() with base 10: '01/01/2007'
2024-12-15 09:36:52,124 - [65/1352] Error processing Charles Barkley: invalid literal for int() with base 10: '01/01/1987'
2024-12-15 09:36:53,966 - [67/1352] Error processing Harrison Barnes: invalid literal for int() with base 10: '2024-11-18T00:00:00'
2024-12-15 09:36:58,988 - [70/1352] Error processing Scottie Barnes: invalid literal for int() with base 10: '2/1/2022'
2024-12-15 09:37:05,773 - [75/1352] Error processing Rick Barry: invalid literal for int() with base 10: '1980-02-10T00:00:00'
2024-12-15 09:37:08,920 - [76/1352] Error processing Billyray Bates: invalid literal for int() with base 10: '1980-03-23T00:00:00'
2024-12-15 09:37:10,173 - [77/1352] Error processing Shane Battier: invalid literal for int() with base 10: '12/01/2001'
2024-12-15 09:37:11,389 - [78/1352] Error processing Nicolas Batum: invalid literal for int() with base 10: '2015-11-16T00:00:00'
2024-12-15 09:37:24,698 - [83/1352] Error processing Bradley Beal: invalid literal for int() with base 10: '2017-12-25T00:00:00'
2024-12-15 09:37:30,370 - [86/1352] Error processing Michael Beasley: invalid literal for int() with base 10: '04/01/2009'
2024-12-15 09:37:38,439 - [96/1352] Error processing Benoit Benjamin: invalid literal for int() with base 10: '03/01/1986'
2024-12-15 09:37:40,334 - [99/1352] Error processing Saddiq Bey: invalid literal for int() with base 10: '2021-02-08T00:00:00'
2024-12-15 09:37:41,298 - [101/1352] Error processing Mike Bibby: invalid literal for int() with base 10: '2005-02-27T00:00:00'
2024-12-15 09:37:41,837 - [102/1352] Error processing Chauncey Billups: invalid literal for int() with base 10: '01/01/2006'
2024-12-15 09:37:44,975 - [104/1352] Error processing Larry Bird: invalid literal for int() with base 10: '02/01/1980'
2024-12-15 09:37:45,170 - [105/1352] Error processing Otis Birdsong: invalid literal for int() with base 10: '1980-10-26T00:00:00'
2024-12-15 09:37:49,047 - [110/1352] Error processing Mookie Blaylock: invalid literal for int() with base 10: '1992-04-05T00:00:00'
2024-12-15 09:37:51,769 - [114/1352] Error processing Bojan Bogdanović: invalid literal for int() with base 10: '2019-02-04T00:00:00'
2024-12-15 09:37:52,071 - [115/1352] Error processing Andrew Bogut: invalid literal for int() with base 10: '2010-03-15T00:00:00'
2024-12-15 09:37:54,841 - [119/1352] Error processing Devin Booker: invalid literal for int() with base 10: '2/1/2021'
2024-12-15 09:37:56,112 - [121/1352] Error processing Carlos Boozer: invalid literal for int() with base 10: '11/01/2007'
2024-12-15 09:37:57,211 - [123/1352] Error processing Chris Bosh: invalid literal for int() with base 10: '01/01/2007'
2024-12-15 09:37:59,433 - [126/1352] Error processing Bruce Bowen: invalid literal for int() with base 10: '2005-01-09T00:00:00'
2024-12-15 09:38:07,534 - [136/1352] Error processing Elton Brand: invalid literal for int() with base 10: '11/01/2005'
2024-12-15 09:38:07,714 - [137/1352] Error processing Terrell Brandon: invalid literal for int() with base 10: '1995-12-03T00:00:00'
2024-12-15 09:38:13,005 - [143/1352] Error processing Ron Brewer: invalid literal for int() with base 10: '1981-11-15T00:00:00'
2024-12-15 09:38:15,395 - [146/1352] Error processing Mikal Bridges: invalid literal for int() with base 10: '2023-03-27T00:00:00'
2024-12-15 09:38:15,516 - [147/1352] Error processing Miles Bridges: invalid literal for int() with base 10: '2021-10-18T00:00:00'
2024-12-15 09:38:24,796 - [159/1352] Error processing Jaylen Brown: invalid literal for int() with base 10: '2019-12-23T00:00:00'
2024-12-15 09:38:28,901 - [164/1352] Error processing Jalen Brunson: invalid literal for int() with base 10: '2023-01-09T00:00:00'
2024-12-15 09:38:33,130 - [167/1352] Error processing Kobe Bryant: invalid literal for int() with base 10: '12/01/2000'
2024-12-15 09:38:37,044 - [172/1352] Error processing Trey Burke: invalid literal for int() with base 10: '1/1/2014'
2024-12-15 09:38:40,822 - [177/1352] Error processing Caron Butler: invalid literal for int() with base 10: '2007-01-21T00:00:00'
2024-12-15 09:38:41,696 - [178/1352] Error processing Jimmy Butler: invalid literal for int() with base 10: '11/1/2014'
2024-12-15 09:38:41,908 - [179/1352] Error processing Andrew Bynum: invalid literal for int() with base 10: '2009-01-26T00:00:00'
2024-12-15 09:38:43,631 - [182/1352] Error processing Nick Calathes: invalid literal for int() with base 10: '2/1/2014'
2024-12-15 09:38:49,535 - [189/1352] Error processing Marcus Camby: invalid literal for int() with base 10: '2005-03-06T00:00:00'
2024-12-15 09:38:54,697 - [196/1352] Error processing Kenny Carr: invalid literal for int() with base 10: '1981-02-01T00:00:00'
2024-12-15 09:38:55,835 - [198/1352] Error processing DeMarre Carroll: invalid literal for int() with base 10: '1/1/2015'
2024-12-15 09:38:55,947 - [199/1352] Error processing Joe Barry Carroll: invalid literal for int() with base 10: '1983-01-23T00:00:00'
2024-12-15 09:38:56,300 - [200/1352] Error processing Vince Carter: invalid literal for int() with base 10: '02/01/2005'
2024-12-15 09:38:56,478 - [201/1352] Error processing Michael Carter-Williams: invalid literal for int() with base 10: '2013-11-04T00:00:00'
2024-12-15 09:38:58,620 - [204/1352] Error processing Sam Cassell: invalid literal for int() with base 10: '1998-04-12T00:00:00'
2024-12-15 09:38:59,567 - [206/1352] Error processing Cedric Ceballos: invalid literal for int() with base 10: '12/01/1994'
2024-12-15 09:39:05,192 - [210/1352] Error processing Tom Chambers: invalid literal for int() with base 10: '1986-12-07T00:00:00'
2024-12-15 09:39:14,189 - [220/1352] Error processing Marquese Chriss: invalid literal for int() with base 10: '1/1/2017'
2024-12-15 09:39:18,701 - [226/1352] Error processing Jordan Clarkson: invalid literal for int() with base 10: '3/1/2015'
2024-12-15 09:39:23,389 - [232/1352] Error processing Derrick Coleman: invalid literal for int() with base 10: '01/01/1991'
2024-12-15 09:39:28,104 - [238/1352] Error processing Darren Collison: invalid literal for int() with base 10: '02/01/2010'
2024-12-15 09:39:29,197 - [240/1352] Error processing Mike Conley: invalid literal for int() with base 10: '2019-03-04T00:00:00'
2024-12-15 09:39:32,906 - [244/1352] Error processing Chris Copeland: invalid literal for int() with base 10: '04/01/2013'
2024-12-15 09:39:36,157 - [248/1352] Error processing DeMarcus Cousins: invalid literal for int() with base 10: '2014-01-13T00:00:00'
2024-12-15 09:39:42,225 - [252/1352] Error processing Jamal Crawford: invalid literal for int() with base 10: '2006-04-09T00:00:00'
2024-12-15 09:39:42,339 - [253/1352] Error processing Jordan Crawford: invalid literal for int() with base 10: '2013-12-09T00:00:00'
2024-12-15 09:39:42,659 - [254/1352] Error processing Terry Cummings: invalid literal for int() with base 10: '01/01/1985'
2024-12-15 09:39:44,278 - [256/1352] Error processing Cade Cunningham: invalid literal for int() with base 10: '1/1/2022'
2024-12-15 09:39:48,529 - [261/1352] Error processing Stephen Curry: invalid literal for int() with base 10: '04/01/2013'
2024-12-15 09:39:54,320 - [268/1352] Error processing Dyson Daniels: invalid literal for int() with base 10: '11/1/2024'
2024-12-15 09:39:56,403 - [271/1352] Error processing Adrian Dantley: invalid literal for int() with base 10: '1979-12-02T00:00:00'
2024-12-15 09:39:56,651 - [272/1352] Error processing Brad Daugherty: invalid literal for int() with base 10: '1991-11-17T00:00:00'
2024-12-15 09:39:58,891 - [274/1352] Error processing Anthony Davis: invalid literal for int() with base 10: '2/1/2018'
2024-12-15 09:39:59,881 - [276/1352] Error processing Baron Davis: invalid literal for int() with base 10: '11/01/2003'
2024-12-15 09:40:06,327 - [284/1352] Error processing Walter Davis: invalid literal for int() with base 10: '1979-11-25T00:00:00'
2024-12-15 09:40:10,698 - [288/1352] Error processing DeMar DeRozan: invalid literal for int() with base 10: '4/1/2015'
2024-12-15 09:40:23,232 - [303/1352] Error processing Gorgui Dieng: invalid literal for int() with base 10: '3/1/2014'
2024-12-15 09:40:23,483 - [304/1352] Error processing Spencer Dinwiddie: invalid literal for int() with base 10: '2019-11-18T00:00:00'
2024-12-15 09:40:25,787 - [307/1352] Error processing Vlade Divac: invalid literal for int() with base 10: '1995-03-26T00:00:00'
2024-12-15 09:40:27,768 - [310/1352] Error processing Luka Dončić: invalid literal for int() with base 10: '10/1/2019'
2024-12-15 09:40:30,457 - [314/1352] Error processing Goran Dragic: invalid literal for int() with base 10: '2012-04-02T00:00:00'
2024-12-15 09:40:30,660 - [315/1352] Error processing John Drew: invalid literal for int() with base 10: '1983-03-06T00:00:00'
2024-12-15 09:40:30,780 - [316/1352] Error processing Larry Drew: invalid literal for int() with base 10: '12/01/1982'
2024-12-15 09:40:31,303 - [317/1352] Error processing Clyde Drexler: invalid literal for int() with base 10: '11/01/1991'
2024-12-15 09:40:31,549 - [318/1352] Error processing Andre Drummond: invalid literal for int() with base 10: '2015-11-02T00:00:00'
2024-12-15 09:40:38,436 - [326/1352] Error processing Joe Dumars: invalid literal for int() with base 10: '1992-03-15T00:00:00'
2024-12-15 09:40:41,729 - [328/1352] Error processing Tim Duncan: invalid literal for int() with base 10: '03/01/1999'
2024-12-15 09:40:41,852 - [329/1352] Error processing Mike Dunleavy: invalid literal for int() with base 10: '1980-12-07T00:00:00'
2024-12-15 09:40:43,779 - [331/1352] Error processing Kevin Durant: invalid literal for int() with base 10: '04/01/2010'
2024-12-15 09:40:49,211 - [338/1352] Error processing Anthony Edwards: invalid literal for int() with base 10: '3/1/2021'
2024-12-15 09:40:53,727 - [344/1352] Error processing Sean Elliott: invalid literal for int() with base 10: '1992-12-27T00:00:00'
2024-12-15 09:40:53,973 - [345/1352] Error processing Dale Ellis: invalid literal for int() with base 10: '1989-01-08T00:00:00'
2024-12-15 09:40:55,847 - [348/1352] Error processing Monta Ellis: invalid literal for int() with base 10: '2010-12-27T00:00:00'
2024-12-15 09:40:56,178 - [349/1352] Error processing Pervis Ellison: invalid literal for int() with base 10: '1991-12-22T00:00:00'
2024-12-15 09:40:57,448 - [351/1352] Error processing Joel Embiid: invalid literal for int() with base 10: '01/01/2019'
2024-12-15 09:40:59,074 - [353/1352] Error processing Alex English: invalid literal for int() with base 10: '03/01/1982'
2024-12-15 09:41:00,845 - [355/1352] Error processing Julius Erving: invalid literal for int() with base 10: '03/01/1980'
2024-12-15 09:41:01,017 - [356/1352] Error processing Tyreke Evans: invalid literal for int() with base 10: '11/01/2009'
2024-12-15 09:41:01,931 - [357/1352] Error processing Patrick Ewing: invalid literal for int() with base 10: '04/01/1989'
2024-12-15 09:41:02,951 - [359/1352] Error processing Kenneth Faried: invalid literal for int() with base 10: '2012-11-05T00:00:00'
2024-12-15 09:41:07,708 - [365/1352] Error processing Raymond Felton: invalid literal for int() with base 10: '02/01/2006'
2024-12-15 09:41:09,706 - [368/1352] Error processing Yogi Ferrell: invalid literal for int() with base 10: '2/1/2017'
2024-12-15 09:41:11,605 - [371/1352] Error processing Landry Fields: invalid literal for int() with base 10: '11/01/2010'
2024-12-15 09:41:12,631 - [373/1352] Error processing Michael Finley: invalid literal for int() with base 10: '11/01/2002'
2024-12-15 09:41:15,445 - [377/1352] Error processing Vern Fleming: invalid literal for int() with base 10: '1989-11-12T00:00:00'
2024-12-15 09:41:15,592 - [378/1352] Error processing Sleepy Floyd: invalid literal for int() with base 10: '1985-03-03T00:00:00'
2024-12-15 09:41:16,514 - [380/1352] Error processing Malachi Flynn: invalid literal for int() with base 10: '4/1/2021'
2024-12-15 09:41:18,388 - [383/1352] Error processing Phil Ford: invalid literal for int() with base 10: '1979-11-18T00:00:00'
2024-12-15 09:41:18,508 - [384/1352] Error processing T.J. Ford: invalid literal for int() with base 10: '2005-11-07T00:00:00'
2024-12-15 09:41:22,526 - [389/1352] Error processing De'Aaron Fox: invalid literal for int() with base 10: '2021-02-01T00:00:00'
2024-12-15 09:41:23,759 - [391/1352] Error processing Randy Foye: invalid literal for int() with base 10: '12/01/2006'
2024-12-15 09:41:23,942 - [392/1352] Error processing Steve Francis: invalid literal for int() with base 10: '2000-01-24T00:00:00'
2024-12-15 09:41:26,537 - [394/1352] Error processing World Free: invalid literal for int() with base 10: '1985-01-13T00:00:00'
2024-12-15 09:41:27,530 - [396/1352] Error processing Channing Frye: invalid literal for int() with base 10: '11/01/2005'
2024-12-15 09:41:33,814 - [403/1352] Error processing Jorge Garbajosa: invalid literal for int() with base 10: '12/01/2006'
2024-12-15 09:41:35,567 - [406/1352] Error processing Darius Garland: invalid literal for int() with base 10: '2022-01-10T00:00:00'
2024-12-15 09:41:38,495 - [408/1352] Error processing Kevin Garnett: invalid literal for int() with base 10: '01/01/2000'
2024-12-15 09:41:39,788 - [410/1352] Error processing Marc Gasol: invalid literal for int() with base 10: '2012-01-16T00:00:00'
2024-12-15 09:41:40,356 - [411/1352] Error processing Pau Gasol: invalid literal for int() with base 10: '02/01/2009'
2024-12-15 09:41:40,478 - [412/1352] Error processing Chris Gatling: invalid literal for int() with base 10: '1996-03-24T00:00:00'
2024-12-15 09:41:40,677 - [413/1352] Error processing Rudy Gay: invalid literal for int() with base 10: '11/01/2006'
2024-12-15 09:41:46,282 - [419/1352] Error processing Paul George: invalid literal for int() with base 10: '11/1/2013'
2024-12-15 09:41:46,965 - [420/1352] Error processing George Gervin: invalid literal for int() with base 10: '01/01/1980'
2024-12-15 09:41:48,750 - [423/1352] Error processing Josh Giddey: invalid literal for int() with base 10: '11/1/2021'
2024-12-15 09:41:48,922 - [424/1352] Error processing Shai Gilgeous-Alexander: invalid literal for int() with base 10: '2021-12-20T00:00:00'
2024-12-15 09:41:49,901 - [426/1352] Error processing Armen Gilliam: invalid literal for int() with base 10: '1996-02-18T00:00:00'
2024-12-15 09:41:50,016 - [427/1352] Error processing Herm Gilliam: invalid literal for int() with base 10: '01/01/1988'
2024-12-15 09:41:50,282 - [428/1352] Error processing Artis Gilmore: invalid literal for int() with base 10: '1980-11-23T00:00:00'
2024-12-15 09:41:50,623 - [429/1352] Error processing Manu Ginobili: invalid literal for int() with base 10: '2007-03-11T00:00:00'
2024-12-15 09:41:51,703 - [431/1352] Error processing Mike Glenn: invalid literal for int() with base 10: '1983-04-17T00:00:00'
2024-12-15 09:41:53,384 - [433/1352] Error processing Rudy Gobert: invalid literal for int() with base 10: '2019-03-11T00:00:00'
2024-12-15 09:41:55,653 - [436/1352] Error processing Drew Gooden: invalid literal for int() with base 10: '2012-03-12T00:00:00'
2024-12-15 09:41:57,943 - [439/1352] Error processing Ben Gordon: invalid literal for int() with base 10: '2006-04-16T00:00:00'
2024-12-15 09:41:58,121 - [440/1352] Error processing Eric Gordon: invalid literal for int() with base 10: '01/01/2009'
2024-12-15 09:41:58,405 - [441/1352] Error processing Marcin Gortat: invalid literal for int() with base 10: '2015-12-28T00:00:00'
2024-12-15 09:42:01,246 - [445/1352] Error processing Danny Granger: invalid literal for int() with base 10: '2007-11-04T00:00:00'
2024-12-15 09:42:01,505 - [446/1352] Error processing Brian Grant: invalid literal for int() with base 10: '01/01/1995'
2024-12-15 09:42:09,016 - [454/1352] Error processing Draymond Green: invalid literal for int() with base 10: '(null)'
2024-12-15 09:42:09,151 - [455/1352] Error processing Jalen Green: invalid literal for int() with base 10: '3/1/2022'
2024-12-15 09:42:11,317 - [458/1352] Error processing Rickey Green: invalid literal for int() with base 10: '1983-12-04T00:00:00'
2024-12-15 09:42:15,086 - [462/1352] Error processing Kevin Grevey: invalid literal for int() with base 10: '1980-03-30T00:00:00'
2024-12-15 09:42:15,219 - [463/1352] Error processing Adrian Griffin: invalid literal for int() with base 10: '11/01/1999'
2024-12-15 09:42:15,743 - [464/1352] Error processing Blake Griffin: invalid literal for int() with base 10: '2/1/2014'
2024-12-15 09:42:16,719 - [466/1352] Error processing Darrell Griffith: invalid literal for int() with base 10: '1985-03-10T00:00:00'
2024-12-15 09:42:28,292 - [479/1352] Error processing Tyrese Haliburton: invalid literal for int() with base 10: '1/1/2021'
2024-12-15 09:42:29,212 - [481/1352] Error processing Richard Hamilton: invalid literal for int() with base 10: '2001-12-16T00:00:00'
2024-12-15 09:42:29,324 - [482/1352] Error processing R.J. Hampton: invalid literal for int() with base 10: '5/1/2021'
2024-12-15 09:42:30,273 - [484/1352] Error processing Bob Hansen: invalid literal for int() with base 10: '1988-03-06T00:00:00'
2024-12-15 09:42:32,282 - [487/1352] Error processing Anfernee Hardaway: invalid literal for int() with base 10: '11/01/1995'
2024-12-15 09:42:32,918 - [488/1352] Error processing Tim Hardaway: invalid literal for int() with base 10: '1990-02-04T00:00:00'
2024-12-15 09:42:33,899 - [490/1352] Error processing James Harden: invalid literal for int() with base 10: '2021-02-01T00:00:00'
2024-12-15 09:42:34,934 - [492/1352] Error processing Ron Harper: invalid literal for int() with base 10: '1989-02-05T00:00:00'
2024-12-15 09:42:36,650 - [495/1352] Error processing Al Harrington: invalid literal for int() with base 10: '2008-12-15T00:00:00'
2024-12-15 09:42:37,620 - [497/1352] Error processing Devin Harris: invalid literal for int() with base 10: '2008-12-01T00:00:00'
2024-12-15 09:42:37,777 - [498/1352] Error processing Lucious Harris: invalid literal for int() with base 10: '2002-12-29T00:00:00'
2024-12-15 09:42:38,891 - [500/1352] Error processing Tobias Harris: invalid literal for int() with base 10: '10/01/2018'
2024-12-15 09:42:40,975 - [503/1352] Error processing Trenton Hassell: invalid literal for int() with base 10: '02/01/2002'
2024-12-15 09:42:50,856 - [511/1352] Error processing Elvin Hayes: invalid literal for int() with base 10: '1980-11-09T00:00:00'
2024-12-15 09:42:51,783 - [513/1352] Error processing Gordon Hayward: invalid literal for int() with base 10: '2017-01-16T00:00:00'
2024-12-15 09:42:51,918 - [514/1352] Error processing Brendan Haywood: invalid literal for int() with base 10: '12/01/2001'
2024-12-15 09:43:04,127 - [527/1352] Error processing Willy Hernangomez: invalid literal for int() with base 10: '4/1/2017'
2024-12-15 09:43:05,276 - [529/1352] Error processing Walter Herrmann: invalid literal for int() with base 10: '03/01/2007'
2024-12-15 09:43:09,654 - [535/1352] Error processing Buddy Hield: invalid literal for int() with base 10: '12/1/2016'
2024-12-15 09:43:09,790 - [536/1352] Error processing George Hill: invalid literal for int() with base 10: '2016-11-07T00:00:00'
2024-12-15 09:43:10,445 - [537/1352] Error processing Grant Hill: invalid literal for int() with base 10: '01/01/1997'
2024-12-15 09:43:15,808 - [544/1352] Error processing Jrue Holiday: invalid literal for int() with base 10: '2021-03-29T00:00:00'
2024-12-15 09:43:18,683 - [548/1352] Error processing Chet Holmgren: invalid literal for int() with base 10: '11/1/2023'
2024-12-15 09:43:20,498 - [551/1352] Error processing Rodney Hood: invalid literal for int() with base 10: '4/1/2015'
2024-12-15 09:43:21,660 - [553/1352] Error processing Al Horford: invalid literal for int() with base 10: '1/1/2015'
2024-12-15 09:43:21,824 - [554/1352] Error processing Jeff Hornacek: invalid literal for int() with base 10: '12/01/1991'
2024-12-15 09:43:26,431 - [560/1352] Error processing Allan Houston: invalid literal for int() with base 10: '2003-02-16T00:00:00'
2024-12-15 09:43:27,635 - [561/1352] Error processing Dwight Howard: invalid literal for int() with base 10: '04/01/2006'
2024-12-15 09:43:27,814 - [562/1352] Error processing Josh Howard: invalid literal for int() with base 10: '2006-12-24T00:00:00'
2024-12-15 09:43:28,046 - [563/1352] Error processing Juwan Howard: invalid literal for int() with base 10: '04/01/1996'
2024-12-15 09:43:32,574 - [568/1352] Error processing Larry Hughes: invalid literal for int() with base 10: '2005-01-16T00:00:00'
2024-12-15 09:43:40,739 - [577/1352] Error processing Zydrunas Ilgauskas: invalid literal for int() with base 10: '2004-03-14T00:00:00'
2024-12-15 09:43:40,857 - [578/1352] Error processing Ersan Ilyasova: invalid literal for int() with base 10: '2012-03-05T00:00:00'
2024-12-15 09:43:41,832 - [580/1352] Error processing Brandon Ingram: invalid literal for int() with base 10: '2019-12-23T00:00:00'
2024-12-15 09:43:42,238 - [581/1352] Error processing Kyrie Irving: invalid literal for int() with base 10: '2013-01-21T00:00:00'
2024-12-15 09:43:43,999 - [583/1352] Error processing Allen Iverson: invalid literal for int() with base 10: '02/01/1999'
2024-12-15 09:43:50,847 - [592/1352] Error processing Marc Jackson: invalid literal for int() with base 10: '01/01/2001'
2024-12-15 09:43:51,051 - [593/1352] Error processing Mark Jackson: invalid literal for int() with base 10: '1992-03-29T00:00:00'
2024-12-15 09:43:52,031 - [595/1352] Error processing Reggie Jackson: invalid literal for int() with base 10: '2015-12-07T00:00:00'
2024-12-15 09:43:52,149 - [596/1352] Error processing Stephen Jackson: invalid literal for int() with base 10: '2007-12-02T00:00:00'
2024-12-15 09:43:55,584 - [598/1352] Error processing LeBron James: invalid literal for int() with base 10: '01/01/2005'
2024-12-15 09:43:55,707 - [599/1352] Error processing Mike James: invalid literal for int() with base 10: '2006-01-08T00:00:00'
2024-12-15 09:43:55,884 - [600/1352] Error processing Antawn Jamison: invalid literal for int() with base 10: '2008-03-16T00:00:00'
2024-12-15 09:43:55,997 - [601/1352] Error processing Jaime Jaquez Jr.: invalid literal for int() with base 10: '11/1/2023'
2024-12-15 09:43:59,123 - [605/1352] Error processing Al Jefferson: invalid literal for int() with base 10: '3/1/2014'
2024-12-15 09:43:59,299 - [606/1352] Error processing Richard Jefferson: invalid literal for int() with base 10: '2003-03-30T00:00:00'
2024-12-15 09:43:59,486 - [607/1352] Error processing Brandon Jennings: invalid literal for int() with base 10: '2009-11-16T00:00:00'
2024-12-15 09:44:00,466 - [609/1352] Error processing Jonas Jerebko: invalid literal for int() with base 10: '02/01/2010'
2024-12-15 09:44:05,502 - [615/1352] Error processing Dennis Johnson: invalid literal for int() with base 10: '1980-01-20T00:00:00'
2024-12-15 09:44:05,755 - [616/1352] Error processing Eddie Johnson: invalid literal for int() with base 10: '1982-02-21T00:00:00'
2024-12-15 09:44:08,233 - [619/1352] Error processing Ivan Johnson: invalid literal for int() with base 10: '04/01/2012'
2024-12-15 09:44:08,501 - [620/1352] Error processing Joe Johnson: invalid literal for int() with base 10: '03/01/2008'
2024-12-15 09:44:10,930 - [623/1352] Error processing Kevin Johnson: invalid literal for int() with base 10: '02/01/1989'
2024-12-15 09:44:11,171 - [624/1352] Error processing Larry Johnson: invalid literal for int() with base 10: '1992-03-22T00:00:00'
2024-12-15 09:44:12,650 - [625/1352] Error processing Magic Johnson: invalid literal for int() with base 10: '10/01/1980'
2024-12-15 09:44:13,147 - [626/1352] Error processing Marques Johnson: invalid literal for int() with base 10: '1979-11-04T00:00:00'
2024-12-15 09:44:13,276 - [627/1352] Error processing Mickey Johnson: invalid literal for int() with base 10: '1983-01-09T00:00:00'
2024-12-15 09:44:19,225 - [634/1352] Error processing Nikola Jokić: invalid literal for int() with base 10: '1/1/2021'
2024-12-15 09:44:22,197 - [637/1352] Error processing Caldwell Jones: invalid literal for int() with base 10: '1981-02-08T00:00:00'
2024-12-15 09:44:25,939 - [642/1352] Error processing Eddie Jones: invalid literal for int() with base 10: '11/01/1997'
2024-12-15 09:44:39,222 - [653/1352] Error processing Michael Jordan: invalid literal for int() with base 10: '02/01/1987'
2024-12-15 09:44:42,596 - [658/1352] Error processing Chris Kaman: invalid literal for int() with base 10: '2009-11-09T00:00:00'
2024-12-15 09:44:45,293 - [662/1352] Error processing Clark Kellogg: invalid literal for int() with base 10: '12/01/1982'
2024-12-15 09:44:45,607 - [663/1352] Error processing Shawn Kemp: invalid literal for int() with base 10: '1993-01-10T00:00:00'
2024-12-15 09:44:50,360 - [669/1352] Error processing Walker Kessler: invalid literal for int() with base 10: '2/1/2023'
2024-12-15 09:44:52,465 - [671/1352] Error processing Jason Kidd: invalid literal for int() with base 10: '04/01/1999'
2024-12-15 09:44:53,908 - [673/1352] Error processing Bernard King: invalid literal for int() with base 10: '01/01/1981'
2024-12-15 09:44:57,568 - [678/1352] Error processing Tarence Kinsey: invalid literal for int() with base 10: '04/01/2007'
2024-12-15 09:44:57,925 - [679/1352] Error processing Andrei Kirilenko: invalid literal for int() with base 10: '2003-11-09T00:00:00'
2024-12-15 09:44:59,002 - [681/1352] Error processing Kerry Kittles: invalid literal for int() with base 10: '12/01/1996'
2024-12-15 09:45:01,600 - [685/1352] Error processing Billy Knight: invalid literal for int() with base 10: '1980-11-16T00:00:00'
2024-12-15 09:45:04,202 - [689/1352] Error processing Kevin Knox II: invalid literal for int() with base 10: '12/1/2018'
2024-12-15 09:45:07,636 - [694/1352] Error processing Kyle Korver: invalid literal for int() with base 10: '1/1/2015'
2024-12-15 09:45:12,711 - [700/1352] Error processing Kyle Kuzma: invalid literal for int() with base 10: '11/1/2017'
2024-12-15 09:45:21,682 - [710/1352] Error processing Ty Lawson: invalid literal for int() with base 10: '2012-02-27T00:00:00'
2024-12-15 09:45:24,291 - [714/1352] Error processing David Lee: invalid literal for int() with base 10: '2009-02-02T00:00:00'
2024-12-15 09:45:25,199 - [716/1352] Error processing Voshon Lenard: invalid literal for int() with base 10: '2003-11-30T00:00:00'
2024-12-15 09:45:26,316 - [717/1352] Error processing Kawhi Leonard: invalid literal for int() with base 10: '2015-12-21T00:00:00'
2024-12-15 09:45:27,248 - [719/1352] Error processing Lafayette Lever: invalid literal for int() with base 10: '04/01/1988'
2024-12-15 09:45:29,008 - [722/1352] Error processing Rashard Lewis: invalid literal for int() with base 10: '2002-11-17T00:00:00'
2024-12-15 09:45:29,123 - [723/1352] Error processing Reggie Lewis: invalid literal for int() with base 10: '1992-04-12T00:00:00'
2024-12-15 09:45:29,677 - [724/1352] Error processing Damian Lillard: invalid literal for int() with base 10: '3/1/2017'
2024-12-15 09:45:29,791 - [725/1352] Error processing Jeremy Lin: invalid literal for int() with base 10: '2012-02-06T00:00:00'
2024-12-15 09:45:30,678 - [727/1352] Error processing Shaun Livingston: invalid literal for int() with base 10: '04/01/2005'
2024-12-15 09:45:35,380 - [733/1352] Error processing Brook Lopez: invalid literal for int() with base 10: '2015-03-23T00:00:00'
2024-12-15 09:45:38,989 - [737/1352] Error processing Kevin Love: invalid literal for int() with base 10: '2013-11-04T00:00:00'
2024-12-15 09:45:40,518 - [739/1352] Error processing Kyle Lowry: invalid literal for int() with base 10: '12/1/2014'
2024-12-15 09:45:43,418 - [742/1352] Error processing Maurice Lucas: invalid literal for int() with base 10: '1982-12-26T00:00:00'
2024-12-15 09:45:49,988 - [750/1352] Error processing Jamaal Magloire: invalid literal for int() with base 10: '04/01/2004'
2024-12-15 09:45:53,003 - [754/1352] Error processing Jeff Malone: invalid literal for int() with base 10: '1991-12-08T00:00:00'
2024-12-15 09:45:54,664 - [755/1352] Error processing Karl Malone: invalid literal for int() with base 10: '03/01/1988'
2024-12-15 09:45:55,691 - [756/1352] Error processing Moses Malone: invalid literal for int() with base 10: '11/01/1979'
2024-12-15 09:45:56,614 - [758/1352] Error processing Danny Manning: invalid literal for int() with base 10: '1992-03-01T00:00:00'
2024-12-15 09:45:58,582 - [760/1352] Error processing Stephon Marbury: invalid literal for int() with base 10: '1999-02-21T00:00:00'
2024-12-15 09:46:00,882 - [763/1352] Error processing Shawn Marion: invalid literal for int() with base 10: '03/01/2002'
2024-12-15 09:46:01,157 - [764/1352] Error processing Lauri Markkanen: invalid literal for int() with base 10: '2024-01-08T00:00:00'
2024-12-15 09:46:03,017 - [767/1352] Error processing Kenyon Martin: invalid literal for int() with base 10: '02/01/2004'
2024-12-15 09:46:03,159 - [768/1352] Error processing Kevin Martin: invalid literal for int() with base 10: '2007-03-04T00:00:00'
2024-12-15 09:46:05,382 - [770/1352] Error processing Jamal Mashburn: invalid literal for int() with base 10: '02/01/2003'
2024-12-15 09:46:08,139 - [774/1352] Error processing Bennedict Mathurin: invalid literal for int() with base 10: '11/1/2022'
2024-12-15 09:46:09,125 - [776/1352] Error processing Tyrese Maxey: invalid literal for int() with base 10: '2023-10-23T00:00:00'
2024-12-15 09:46:12,933 - [781/1352] Error processing O.J. Mayo: invalid literal for int() with base 10: '04/01/2009'
2024-12-15 09:46:17,301 - [786/1352] Error processing Jared McCain: invalid literal for int() with base 10: '11/1/2024'
2024-12-15 09:46:19,259 - [789/1352] Error processing CJ McCollum: invalid literal for int() with base 10: '2018-11-05T00:00:00'
2024-12-15 09:46:20,504 - [791/1352] Error processing Xavier McDaniel: invalid literal for int() with base 10: '1987-11-22T00:00:00'
2024-12-15 09:46:22,362 - [794/1352] Error processing Antonio McDyess: invalid literal for int() with base 10: '1999-02-28T00:00:00'
2024-12-15 09:46:26,865 - [799/1352] Error processing Tracy McGrady: invalid literal for int() with base 10: '02/01/2001'
2024-12-15 09:46:31,281 - [803/1352] Error processing Aaron McKie: invalid literal for int() with base 10: '2000-12-31T00:00:00'
2024-12-15 09:46:32,265 - [805/1352] Error processing Ben McLemore: invalid literal for int() with base 10: '11/1/2013'
2024-12-15 09:46:34,921 - [809/1352] Error processing Tom McMillen: invalid literal for int() with base 10: '1985-01-27T00:00:00'
2024-12-15 09:46:48,795 - [827/1352] Error processing Khris Middleton: invalid literal for int() with base 10: '2018-01-22T00:00:00'
2024-12-15 09:46:55,807 - [834/1352] Error processing Andre Miller: invalid literal for int() with base 10: '2001-12-09T00:00:00'
2024-12-15 09:46:55,918 - [835/1352] Error processing Brad Miller: invalid literal for int() with base 10: '2005-01-30T00:00:00'
2024-12-15 09:46:56,041 - [836/1352] Error processing Brandon Miller: invalid literal for int() with base 10: '1/1/2024'
2024-12-15 09:46:57,010 - [838/1352] Error processing Mike Miller: invalid literal for int() with base 10: '02/01/2001'
2024-12-15 09:46:57,155 - [839/1352] Error processing Oliver Miller: invalid literal for int() with base 10: '1994-01-02T00:00:00'
2024-12-15 09:46:57,622 - [840/1352] Error processing Reggie Miller: invalid literal for int() with base 10: '1991-02-24T00:00:00'
2024-12-15 09:46:58,672 - [842/1352] Error processing Terry Mills: invalid literal for int() with base 10: '1996-12-08T00:00:00'
2024-12-15 09:46:58,990 - [843/1352] Error processing Paul Millsap: invalid literal for int() with base 10: '1/1/2015'
2024-12-15 09:46:59,230 - [844/1352] Error processing Nikola Mirotic: invalid literal for int() with base 10: '12/1/2014'
2024-12-15 09:46:59,468 - [845/1352] Error processing Donovan Mitchell: invalid literal for int() with base 10: '2018-12-31T00:00:00'
2024-12-15 09:46:59,596 - [846/1352] Error processing Mike Mitchell: invalid literal for int() with base 10: '1979-12-30T00:00:00'
2024-12-15 09:47:00,564 - [848/1352] Error processing Cuttino Mobley: invalid literal for int() with base 10: '2001-03-18T00:00:00'
2024-12-15 09:47:00,679 - [849/1352] Error processing Evan Mobley: invalid literal for int() with base 10: '11/1/2021'
2024-12-15 09:47:03,153 - [852/1352] Error processing Sidney Moncrief: invalid literal for int() with base 10: '12/01/1981'
2024-12-15 09:47:07,087 - [857/1352] Error processing Jamario Moon: invalid literal for int() with base 10: '01/01/2008'
2024-12-15 09:47:08,110 - [859/1352] Error processing Ja Morant: invalid literal for int() with base 10: '1/1/2020'
2024-12-15 09:47:09,871 - [862/1352] Error processing Markieff Morris: invalid literal for int() with base 10: '2013-11-10T00:00:00'
2024-12-15 09:47:10,057 - [863/1352] Error processing Adam Morrison: invalid literal for int() with base 10: '11/01/2006'
2024-12-15 09:47:10,785 - [864/1352] Error processing Alonzo Mourning: invalid literal for int() with base 10: '12/01/1999'
2024-12-15 09:47:13,652 - [868/1352] Error processing Chris Mullin: invalid literal for int() with base 10: '01/01/1989'
2024-12-15 09:47:15,723 - [871/1352] Error processing Calvin Murphy: invalid literal for int() with base 10: '02/01/1981'
2024-12-15 09:47:15,892 - [872/1352] Error processing Dejounte Murray: invalid literal for int() with base 10: '2024-03-25T00:00:00'
2024-12-15 09:47:16,033 - [873/1352] Error processing Jamal Murray: invalid literal for int() with base 10: '11/1/2016'
2024-12-15 09:47:16,129 - [874/1352] Error processing Keegan Murray: invalid literal for int() with base 10: '1/1/2023'
2024-12-15 09:47:18,099 - [876/1352] Error processing Dikembe Mutombo: invalid literal for int() with base 10: '1993-03-28T00:00:00'
2024-12-15 09:47:19,194 - [878/1352] Error processing Larry Nance: invalid literal for int() with base 10: '12/01/1987'
2024-12-15 09:47:19,953 - [879/1352] Error processing Steve Nash: invalid literal for int() with base 10: '11/01/2002'
2024-12-15 09:47:20,068 - [880/1352] Error processing Swen Nater: invalid literal for int() with base 10: '1979-12-23T00:00:00'
2024-12-15 09:47:20,240 - [881/1352] Error processing Calvin Natt: invalid literal for int() with base 10: '1980-02-24T00:00:00'
2024-12-15 09:47:26,253 - [888/1352] Error processing Jameer Nelson: invalid literal for int() with base 10: '2008-12-22T00:00:00'
2024-12-15 09:47:28,797 - [892/1352] Error processing Mike Newlin: invalid literal for int() with base 10: '1981-02-15T00:00:00'
2024-12-15 09:47:37,187 - [901/1352] Error processing Dirk Nowitzki: invalid literal for int() with base 10: '11/01/2002'
2024-12-15 09:47:38,198 - [903/1352] Error processing Kendrick Nunn: invalid literal for int() with base 10: '1/1/2020'
2024-12-15 09:47:40,191 - [906/1352] Error processing Jermaine O'Neal: invalid literal for int() with base 10: '01/01/2003'
2024-12-15 09:47:42,083 - [907/1352] Error processing Shaquille O'Neal: invalid literal for int() with base 10: '03/01/1994'
2024-12-15 09:47:42,402 - [908/1352] Error processing Charles Oakley: invalid literal for int() with base 10: '02/01/1986'
2024-12-15 09:47:43,596 - [910/1352] Error processing Lamar Odom: invalid literal for int() with base 10: '03/01/2004'
2024-12-15 09:47:44,832 - [912/1352] Error processing Emeka Okafor: invalid literal for int() with base 10: '04/01/2005'
2024-12-15 09:47:46,546 - [915/1352] Error processing Mehmet Okur: invalid literal for int() with base 10: '2007-02-04T00:00:00'
2024-12-15 09:47:46,977 - [916/1352] Error processing Victor Oladipo: invalid literal for int() with base 10: '2017-10-23T00:00:00'
2024-12-15 09:47:49,059 - [917/1352] Error processing Hakeem Olajuwon: invalid literal for int() with base 10: '11/01/1985'
2024-12-15 09:47:56,016 - [926/1352] Error processing Robert Parish: invalid literal for int() with base 10: '1980-11-30T00:00:00'
2024-12-15 09:47:56,983 - [928/1352] Error processing Jabari Parker: invalid literal for int() with base 10: '11/1/2014'
2024-12-15 09:47:57,482 - [929/1352] Error processing Tony Parker: invalid literal for int() with base 10: '01/01/2013'
2024-12-15 09:48:01,269 - [933/1352] Error processing Chris Paul: invalid literal for int() with base 10: '03/01/2008'
2024-12-15 09:48:03,421 - [936/1352] Error processing Elfrid Payton: invalid literal for int() with base 10: '1/1/2015'
2024-12-15 09:48:04,959 - [937/1352] Error processing Gary Payton: invalid literal for int() with base 10: '04/01/2000'
2024-12-15 09:48:05,909 - [939/1352] Error processing Nikola Pekovic: invalid literal for int() with base 10: '2013-04-01T00:00:00'
2024-12-15 09:48:09,973 - [944/1352] Error processing Elliot Perry: invalid literal for int() with base 10: '1994-11-20T00:00:00'
2024-12-15 09:48:10,263 - [945/1352] Error processing Chuck Person: invalid literal for int() with base 10: '1989-03-05T00:00:00'
2024-12-15 09:48:10,428 - [946/1352] Error processing Wesley Person: invalid literal for int() with base 10: '1997-12-07T00:00:00'
2024-12-15 09:48:12,524 - [949/1352] Error processing Drazen Petrovic: invalid literal for int() with base 10: '1992-12-06T00:00:00'
2024-12-15 09:48:18,971 - [954/1352] Error processing Paul Pierce: invalid literal for int() with base 10: '03/01/2001'
2024-12-15 09:48:19,097 - [955/1352] Error processing Ricky Pierce: invalid literal for int() with base 10: '1990-12-30T00:00:00'
2024-12-15 09:48:20,630 - [956/1352] Error processing Scottie Pippen: invalid literal for int() with base 10: '04/01/1994'
2024-12-15 09:48:28,874 - [966/1352] Error processing Bobby Portis: invalid literal for int() with base 10: '2023-04-03T00:00:00'
2024-12-15 09:48:29,044 - [967/1352] Error processing Kristaps Porziņģis: invalid literal for int() with base 10: '2017-10-30T00:00:00'
2024-12-15 09:48:31,770 - [971/1352] Error processing Norman Powell: invalid literal for int() with base 10: '2020-03-02T00:00:00'
2024-12-15 09:48:32,788 - [973/1352] Error processing Harold Pressley: invalid literal for int() with base 10: '1988-04-10T00:00:00'
2024-12-15 09:48:39,667 - [981/1352] Error processing Dino Radja: invalid literal for int() with base 10: '11/01/1993'
2024-12-15 09:48:45,383 - [988/1352] Error processing Julius Randle: invalid literal for int() with base 10: '4/1/2021'
2024-12-15 09:48:45,659 - [989/1352] Error processing Zach Randolph: invalid literal for int() with base 10: '01/01/2011'
2024-12-15 09:48:45,851 - [990/1352] Error processing Kelvin Ransey: invalid literal for int() with base 10: '03/01/1981'
2024-12-15 09:48:48,630 - [994/1352] Error processing Zeljko Rebraca: invalid literal for int() with base 10: '04/01/2002'
2024-12-15 09:48:48,806 - [995/1352] Error processing Michael Redd: invalid literal for int() with base 10: '01/01/2004'
2024-12-15 09:48:54,291 - [1001/1352] Error processing Robert Reid: invalid literal for int() with base 10: '1981-03-29T00:00:00'
2024-12-15 09:48:55,466 - [1003/1352] Error processing Glen Rice: invalid literal for int() with base 10: '04/01/1992'
2024-12-15 09:48:56,449 - [1005/1352] Error processing Jason Richardson: invalid literal for int() with base 10: '2005-03-20T00:00:00'
2024-12-15 09:48:56,562 - [1006/1352] Error processing Josh Richardson: invalid literal for int() with base 10: '2020-01-06T00:00:00'
2024-12-15 09:48:56,687 - [1007/1352] Error processing Micheal Ray Richardson: invalid literal for int() with base 10: '1979-10-28T00:00:00'
2024-12-15 09:48:57,688 - [1009/1352] Error processing Quentin Richardson: invalid literal for int() with base 10: '2003-11-16T00:00:00'
2024-12-15 09:48:58,304 - [1010/1352] Error processing Mitch Richmond: invalid literal for int() with base 10: '1991-03-24T00:00:00'
2024-12-15 09:49:06,023 - [1019/1352] Error processing Alvin Robertson: invalid literal for int() with base 10: '12/01/1985'
2024-12-15 09:49:09,828 - [1022/1352] Error processing Cliff T. Robinson: invalid literal for int() with base 10: '1980-03-09T00:00:00'
2024-12-15 09:49:10,099 - [1023/1352] Error processing Clifford Robinson: invalid literal for int() with base 10: '1996-01-07T00:00:00'
2024-12-15 09:49:11,952 - [1024/1352] Error processing David Robinson: invalid literal for int() with base 10: '01/01/1991'
2024-12-15 09:49:13,019 - [1026/1352] Error processing Glenn Robinson: invalid literal for int() with base 10: '1997-01-12T00:00:00'
2024-12-15 09:49:13,973 - [1028/1352] Error processing Nate Robinson: invalid literal for int() with base 10: '2013-01-28T00:00:00'
2024-12-15 09:49:14,136 - [1029/1352] Error processing Rumeal Robinson: invalid literal for int() with base 10: '1993-03-14T00:00:00'
2024-12-15 09:49:18,295 - [1033/1352] Error processing Dennis Rodman: invalid literal for int() with base 10: '01/01/1992'
2024-12-15 09:49:22,197 - [1038/1352] Error processing Rajon Rondo: invalid literal for int() with base 10: '2010-11-01T00:00:00'
2024-12-15 09:49:22,509 - [1039/1352] Error processing Derrick Rose: invalid literal for int() with base 10: '04/01/2010'
2024-12-15 09:49:22,907 - [1040/1352] Error processing Jalen Rose: invalid literal for int() with base 10: '2000-03-20T00:00:00'
2024-12-15 09:49:25,128 - [1043/1352] Error processing Dan Roundfield: invalid literal for int() with base 10: '1979-12-16T00:00:00'
2024-12-15 09:49:26,236 - [1045/1352] Error processing Brandon Roy: invalid literal for int() with base 10: '2007-12-09T00:00:00'
2024-12-15 09:49:26,338 - [1046/1352] Error processing Terry Rozier: invalid literal for int() with base 10: '2021-03-22T00:00:00'
2024-12-15 09:49:26,619 - [1047/1352] Error processing Ricky Rubio: invalid literal for int() with base 10: '01/01/2012'
2024-12-15 09:49:26,810 - [1048/1352] Error processing Jeff Ruland: invalid literal for int() with base 10: '03/01/1983'
2024-12-15 09:49:34,993 - [1055/1352] Error processing D'Angelo Russell: invalid literal for int() with base 10: '2019-01-14T00:00:00'
2024-12-15 09:49:35,243 - [1056/1352] Error processing Arvydas Sabonis: invalid literal for int() with base 10: '1996-03-31T00:00:00'
2024-12-15 09:49:35,388 - [1057/1352] Error processing Domantas Sabonis: invalid literal for int() with base 10: '2020-12-22T00:00:00'
2024-12-15 09:49:38,409 - [1061/1352] Error processing Ralph Sampson: invalid literal for int() with base 10: '01/01/1984'
2024-12-15 09:49:49,193 - [1072/1352] Error processing Detlef Schrempf: invalid literal for int() with base 10: '02/01/1992'
2024-12-15 09:49:49,332 - [1073/1352] Error processing Dennis Schröder: invalid literal for int() with base 10: '2019-12-16T00:00:00'
2024-12-15 09:49:51,123 - [1076/1352] Error processing Luis Scola: invalid literal for int() with base 10: '02/01/2008'
2024-12-15 09:49:52,319 - [1078/1352] Error processing Byron Scott: invalid literal for int() with base 10: '1988-01-10T00:00:00'
2024-12-15 09:49:53,604 - [1080/1352] Error processing Dennis Scott: invalid literal for int() with base 10: '1991-03-10T00:00:00'
2024-12-15 09:49:55,500 - [1083/1352] Error processing Rony Seikaly: invalid literal for int() with base 10: '1990-03-11T00:00:00'
2024-12-15 09:49:57,296 - [1086/1352] Error processing Alperen Sengun: invalid literal for int() with base 10: '2024-01-01T00:00:00'
2024-12-15 09:49:58,235 - [1088/1352] Error processing Ramon Sessions: invalid literal for int() with base 10: '04/01/2008'
2024-12-15 09:50:07,519 - [1098/1352] Error processing Purvis Short: invalid literal for int() with base 10: '1984-01-08T00:00:00'
2024-12-15 09:50:10,909 - [1102/1352] Error processing Pascal Siakam: invalid literal for int() with base 10: '2018-11-05T00:00:00'
2024-12-15 09:50:13,083 - [1105/1352] Error processing Jack Sikma: invalid literal for int() with base 10: '1982-04-04T00:00:00'
2024-12-15 09:50:16,458 - [1109/1352] Error processing Ben Simmons: invalid literal for int() with base 10: '2018-04-02T00:00:00'
2024-12-15 09:50:18,330 - [1112/1352] Error processing Lionel Simmons: invalid literal for int() with base 10: '1991-02-17T00:00:00'
2024-12-15 09:50:20,628 - [1115/1352] Error processing Scott Skiles: invalid literal for int() with base 10: '1991-04-21T00:00:00'
2024-12-15 09:50:23,041 - [1118/1352] Error processing Marcus Smart: invalid literal for int() with base 10: '2/1/2015'
2024-12-15 09:50:24,946 - [1121/1352] Error processing Charles Smith: invalid literal for int() with base 10: '02/01/1989'
2024-12-15 09:50:25,909 - [1123/1352] Error processing Derek Smith: invalid literal for int() with base 10: '1984-12-16T00:00:00'
2024-12-15 09:50:28,517 - [1127/1352] Error processing JR Smith: invalid literal for int() with base 10: '2013-03-25T00:00:00'
2024-12-15 09:50:29,529 - [1129/1352] Error processing Joe Smith: invalid literal for int() with base 10: '02/01/1996'
2024-12-15 09:50:29,766 - [1130/1352] Error processing Josh Smith: invalid literal for int() with base 10: '2007-12-09T00:00:00'
2024-12-15 09:50:29,962 - [1131/1352] Error processing Kenny Smith: invalid literal for int() with base 10: '1991-03-17T00:00:00'
2024-12-15 09:50:30,144 - [1132/1352] Error processing Larry Smith: invalid literal for int() with base 10: '1981-03-08T00:00:00'
2024-12-15 09:50:32,540 - [1135/1352] Error processing Steven Smith: invalid literal for int() with base 10: '1998-01-11T00:00:00'
2024-12-15 09:50:34,313 - [1138/1352] Error processing Rik Smits: invalid literal for int() with base 10: '1995-03-12T00:00:00'
2024-12-15 09:50:44,942 - [1151/1352] Error processing Jerry Stackhouse: invalid literal for int() with base 10: '2002-11-10T00:00:00'
2024-12-15 09:50:53,225 - [1160/1352] Error processing John Stockton: invalid literal for int() with base 10: '02/01/1988'
2024-12-15 09:50:54,336 - [1161/1352] Error processing Peja Stojakovic: invalid literal for int() with base 10: '11/01/2003'
2024-12-15 09:50:55,904 - [1163/1352] Error processing Damon Stoudamire: invalid literal for int() with base 10: '01/01/1996'
2024-12-15 09:50:56,555 - [1164/1352] Error processing Amar'e Stoudemire: invalid literal for int() with base 10: '2004-11-21T00:00:00'
2024-12-15 09:50:56,890 - [1165/1352] Error processing Rod Strickland: invalid literal for int() with base 10: '1995-02-26T00:00:00'
2024-12-15 09:50:57,100 - [1166/1352] Error processing Rodney Stuckey: invalid literal for int() with base 10: '2009-01-05T00:00:00'
2024-12-15 09:50:58,051 - [1168/1352] Error processing Jared Sullinger: invalid literal for int() with base 10: '2014-02-10T00:00:00'
2024-12-15 09:51:03,435 - [1175/1352] Error processing Roy Tarpley: invalid literal for int() with base 10: '1988-02-28T00:00:00'
2024-12-15 09:51:04,513 - [1177/1352] Error processing Jayson Tatum: invalid literal for int() with base 10: '2/1/2020'
2024-12-15 09:51:06,282 - [1180/1352] Error processing Terry Teagle: invalid literal for int() with base 10: '1990-01-07T00:00:00'
2024-12-15 09:51:06,408 - [1181/1352] Error processing Jeff Teague: invalid literal for int() with base 10: '1/1/2015'
2024-12-15 09:51:06,602 - [1182/1352] Error processing Jason Terry: invalid literal for int() with base 10: '2005-01-23T00:00:00'
2024-12-15 09:51:07,596 - [1184/1352] Error processing Reggie Theus: invalid literal for int() with base 10: '1982-11-07T00:00:00'
2024-12-15 09:51:08,701 - [1186/1352] Error processing Isaiah Thomas: invalid literal for int() with base 10: '1/1/2017'
2024-12-15 09:51:09,500 - [1187/1352] Error processing Isiah Thomas: invalid literal for int() with base 10: '1982-12-19T00:00:00'
2024-12-15 09:51:09,611 - [1188/1352] Error processing Kurt Thomas: invalid literal for int() with base 10: '2002-03-10T00:00:00'
2024-12-15 09:51:15,187 - [1193/1352] Error processing David Thompson: invalid literal for int() with base 10: '1980-11-02T00:00:00'
2024-12-15 09:51:17,165 - [1195/1352] Error processing Klay Thompson: invalid literal for int() with base 10: '2014-10-28T00:00:00'
2024-12-15 09:51:17,811 - [1196/1352] Error processing Mychal Thompson: invalid literal for int() with base 10: '1981-11-08T00:00:00'
2024-12-15 09:51:27,540 - [1201/1352] Error processing Otis Thorpe: invalid literal for int() with base 10: '1987-01-18T00:00:00'
2024-12-15 09:51:35,183 - [1205/1352] Error processing Jamaal Tinsley: invalid literal for int() with base 10: '03/01/2002'
2024-12-15 09:51:39,375 - [1208/1352] Error processing Andrew Toney: invalid literal for int() with base 10: '1983-03-20T00:00:00'
2024-12-15 09:51:49,803 - [1211/1352] Error processing Karl-Anthony Towns: invalid literal for int() with base 10: '2016-04-11T00:00:00'
2024-12-15 09:51:53,425 - [1213/1352] Error processing Kelly Tripucka: invalid literal for int() with base 10: '1982-03-14T00:00:00'
2024-12-15 09:51:59,989 - [1219/1352] Error processing Hedo Turkoglu: invalid literal for int() with base 10: '04/01/2008'
2024-12-15 09:52:01,341 - [1221/1352] Error processing Myles Turner: invalid literal for int() with base 10: '2/1/2016'
2024-12-15 09:52:03,626 - [1224/1352] Error processing Terry Tyler: invalid literal for int() with base 10: '1981-03-01T00:00:00'
2024-12-15 09:52:03,775 - [1225/1352] Error processing Beno Udrih: invalid literal for int() with base 10: '12/01/2004'
2024-12-15 09:52:03,903 - [1226/1352] Error processing Tyler Ulis: invalid literal for int() with base 10: '4/1/2017'
2024-12-15 09:52:05,754 - [1228/1352] Error processing Jonas Valančiūnas: invalid literal for int() with base 10: '03/01/2013'
2024-12-15 09:52:11,649 - [1234/1352] Error processing Fred VanVleet: invalid literal for int() with base 10: '2022-01-03T00:00:00'
2024-12-15 09:52:11,767 - [1235/1352] Error processing Kiki Vandeweghe: invalid literal for int() with base 10: '1983-01-02T00:00:00'
2024-12-15 09:52:12,767 - [1237/1352] Error processing Greivis Vasquez: invalid literal for int() with base 10: '2012-12-24T00:00:00'
2024-12-15 09:52:13,681 - [1239/1352] Error processing Loy Vaught: invalid literal for int() with base 10: '1997-03-02T00:00:00'
2024-12-15 09:52:14,688 - [1241/1352] Error processing Charlie Villanueva: invalid literal for int() with base 10: '12/01/2005'
2024-12-15 09:52:14,900 - [1242/1352] Error processing Jay Vincent: invalid literal for int() with base 10: '1982-02-14T00:00:00'
2024-12-15 09:52:18,457 - [1247/1352] Error processing Nikola Vučević: invalid literal for int() with base 10: '2014-03-31T00:00:00'
2024-12-15 09:52:19,641 - [1248/1352] Error processing Dwyane Wade: invalid literal for int() with base 10: '12/01/2004'
2024-12-15 09:52:19,761 - [1249/1352] Error processing Franz Wagner: invalid literal for int() with base 10: '12/1/2021'
2024-12-15 09:52:20,833 - [1251/1352] Error processing Dion Waiters: invalid literal for int() with base 10: '2017-01-30T00:00:00'
2024-12-15 09:52:21,014 - [1252/1352] Error processing Antoine Walker: invalid literal for int() with base 10: '12/01/2001'
2024-12-15 09:52:24,333 - [1256/1352] Error processing Kemba Walker: invalid literal for int() with base 10: '2014-02-24T00:00:00'
2024-12-15 09:52:27,072 - [1260/1352] Error processing John Wall: invalid literal for int() with base 10: '12/1/2015'
2024-12-15 09:52:28,115 - [1261/1352] Error processing Ben Wallace: invalid literal for int() with base 10: '03/01/2002'
2024-12-15 09:52:29,073 - [1263/1352] Error processing Gerald Wallace: invalid literal for int() with base 10: '2005-11-28T00:00:00'
2024-12-15 09:52:29,238 - [1264/1352] Error processing Rasheed Wallace: invalid literal for int() with base 10: '2002-03-03T00:00:00'
2024-12-15 09:52:42,753 - [1279/1352] Error processing Chris Webber: invalid literal for int() with base 10: '01/01/2002'
2024-12-15 09:52:43,003 - [1280/1352] Error processing Scott Wedman: invalid literal for int() with base 10: '1980-01-06T00:00:00'
2024-12-15 09:52:44,780 - [1283/1352] Error processing Jaylen Wells: invalid literal for int() with base 10: '11/1/2024'
2024-12-15 09:52:44,874 - [1284/1352] Error processing Victor Wembanyama: invalid literal for int() with base 10: '1/1/2024'
2024-12-15 09:52:45,907 - [1286/1352] Error processing David West: invalid literal for int() with base 10: '2009-03-02T00:00:00'
2024-12-15 09:52:49,997 - [1288/1352] Error processing Russell Westbrook: invalid literal for int() with base 10: '(null)'
2024-12-15 09:52:51,749 - [1290/1352] Error processing Coby White: invalid literal for int() with base 10: '2/1/2020'
2024-12-15 09:52:51,910 - [1291/1352] Error processing Derrick White: invalid literal for int() with base 10: '2023-02-06T00:00:00'
2024-12-15 09:52:54,011 - [1293/1352] Error processing Hassan Whiteside: invalid literal for int() with base 10: '2017-03-20T00:00:00'
2024-12-15 09:52:55,386 - [1295/1352] Error processing Andrew Wiggins: invalid literal for int() with base 10: '1/1/2015'
2024-12-15 09:52:55,522 - [1296/1352] Error processing Chris Wilcox: invalid literal for int() with base 10: '2006-04-09T00:00:00'
2024-12-15 09:53:00,062 - [1300/1352] Error processing Dominique Wilkins: invalid literal for int() with base 10: '01/01/1986'
2024-12-15 09:53:00,186 - [1301/1352] Error processing Gerald Wilkins: invalid literal for int() with base 10: '1991-03-03T00:00:00'
2024-12-15 09:53:01,573 - [1303/1352] Error processing Buck Williams: invalid literal for int() with base 10: '1982-12-05T00:00:00'
2024-12-15 09:53:01,899 - [1304/1352] Error processing Deron Williams: invalid literal for int() with base 10: '11/01/2010'
2024-12-15 09:53:02,871 - [1306/1352] Error processing Freeman Williams: invalid literal for int() with base 10: '12/01/1980'
2024-12-15 09:53:03,221 - [1307/1352] Error processing Gus Williams: invalid literal for int() with base 10: '1982-01-10T00:00:00'
2024-12-15 09:53:03,346 - [1308/1352] Error processing Herb Williams: invalid literal for int() with base 10: '1986-04-06T00:00:00'
2024-12-15 09:53:03,464 - [1309/1352] Error processing Jalen Williams: invalid literal for int() with base 10: '11/1/2022'
2024-12-15 09:53:04,509 - [1311/1352] Error processing Jay Williams: invalid literal for int() with base 10: '12/01/2002'
2024-12-15 09:53:04,638 - [1312/1352] Error processing Jayson Williams: invalid literal for int() with base 10: '1998-01-25T00:00:00'
2024-12-15 09:53:04,866 - [1313/1352] Error processing John Williams: invalid literal for int() with base 10: '1986-11-30T00:00:00'
2024-12-15 09:53:05,000 - [1314/1352] Error processing Lou Williams: invalid literal for int() with base 10: '2014-11-17T00:00:00'
2024-12-15 09:53:07,599 - [1318/1352] Error processing Mo Williams: invalid literal for int() with base 10: '2006-12-24T00:00:00'
2024-12-15 09:53:08,532 - [1320/1352] Error processing Ray Williams: invalid literal for int() with base 10: '1982-04-18T00:00:00'
2024-12-15 09:53:09,634 - [1322/1352] Error processing Shelden Williams: invalid literal for int() with base 10: '04/01/2007'
2024-12-15 09:53:09,749 - [1323/1352] Error processing Terrence Williams: invalid literal for int() with base 10: '04/01/2010'
2024-12-15 09:53:12,365 - [1327/1352] Error processing Zion Williamson: invalid literal for int() with base 10: '2/1/2020'
2024-12-15 09:53:12,545 - [1328/1352] Error processing Kevin Willis: invalid literal for int() with base 10: '1991-11-24T00:00:00'
2024-12-15 09:53:42,605 - [1329/1352] Error processing Harthorne Wingo: HTTPSConnectionPool(host='stats.nba.com', port=443): Read timed out. (read timeout=30)
2024-12-15 09:54:12,706 - [1330/1352] Error processing Marv Winkler: HTTPSConnectionPool(host='stats.nba.com', port=443): Read timed out. (read timeout=30)
2024-12-15 09:54:16,772 - [1335/1352] Error processing Orlando Woolridge: invalid literal for int() with base 10: '1984-12-09T00:00:00'
2024-12-15 09:54:17,493 - [1336/1352] Error processing Metta World Peace: invalid literal for int() with base 10: '2002-11-17T00:00:00'
2024-12-15 09:54:22,356 - [1341/1352] Error processing Yao Ming: invalid literal for int() with base 10: '11/01/2006'
2024-12-15 09:54:23,823 - [1343/1352] Error processing Yi Jianlian: invalid literal for int() with base 10: '12/01/2007'
2024-12-15 09:54:24,798 - [1345/1352] Error processing Thaddeus Young: invalid literal for int() with base 10: '2014-01-06T00:00:00'
2024-12-15 09:54:24,995 - [1346/1352] Error processing Trae Young: invalid literal for int() with base 10: '2019-03-18T00:00:00'
2024-12-15 09:54:29,690 - [1352/1352] Error processing Dario Šarić: invalid literal for int() with base 10: '2/1/2017'
