2024-12-07 16:27:45,622 - Error fetching data for Cleveland Cavaliers in season 2002-03: Expecting value: line 1 column 1 (char 0)
2024-12-07 16:34:19,012 - Error fetching data for Denver Nuggets in season 1991-92: Expecting value: line 1 column 1 (char 0)
2024-12-07 16:46:47,872 - Error fetching data for Milwaukee Bucks in season 2014-15: Expecting value: line 1 column 1 (char 0)
2024-12-07 16:52:08,809 - Error fetching data for New York Knicks in season 2002-03: Expecting value: line 1 column 1 (char 0)
2024-12-07 16:52:32,258 - Error fetching data for New York Knicks in season 2004-05: Expecting value: line 1 column 1 (char 0)
2024-12-07 16:54:57,460 - Error fetching data for Orlando Magic in season 2012-13: Expecting value: line 1 column 1 (char 0)
2024-12-07 16:56:48,076 - Error fetching data for Indiana Pacers in season 2005-06: Expecting value: line 1 column 1 (char 0)
2024-12-07 16:57:40,385 - Error fetching data for Indiana Pacers in season 2017-18: Expecting value: line 1 column 1 (char 0)
2024-12-07 16:59:38,658 - Error fetching data for Philadelphia 76ers in season 2012-13: Expecting value: line 1 column 1 (char 0)
2024-12-07 17:00:16,144 - Error fetching data for Philadelphia 76ers in season 2019-20: Expecting value: line 1 column 1 (char 0)
2024-12-07 17:02:05,912 - Error fetching data for Phoenix Suns in season 2005-06: Expecting value: line 1 column 1 (char 0)
2024-12-07 17:03:05,612 - Error fetching data for Phoenix Suns in season 2021-22: Expecting value: line 1 column 1 (char 0)
2024-12-07 17:03:48,790 - Error fetching data for Portland Trail Blazers in season 1987-88: Expecting value: line 1 column 1 (char 0)
2024-12-07 17:04:49,754 - Error fetching data for Portland Trail Blazers in season 2005-06: Expecting value: line 1 column 1 (char 0)
2024-12-07 17:08:56,790 - Error fetching data for San Antonio Spurs in season 1994-95: Expecting value: line 1 column 1 (char 0)
2024-12-07 17:09:29,618 - Error fetching data for San Antonio Spurs in season 2000-01: Expecting value: line 1 column 1 (char 0)
2024-12-07 17:11:48,340 - Error fetching data for Oklahoma City Thunder in season 2003-04: Expecting value: line 1 column 1 (char 0)
2024-12-07 17:13:25,653 - Error fetching data for Toronto Raptors in season 1995-96: Expecting value: line 1 column 1 (char 0)
2024-12-07 17:21:19,545 - Error fetching data for Detroit Pistons in season 2003-04: Expecting value: line 1 column 1 (char 0)
2024-12-07 17:22:21,190 - Error fetching data for Detroit Pistons in season 2018-19: Expecting value: line 1 column 1 (char 0)
2024-12-07 17:23:14,029 - Error fetching data for Charlotte Hornets in season 1990-91: Expecting value: line 1 column 1 (char 0)
2024-12-07 17:24:56,582 - Error fetching data for Charlotte Hornets in season 2023-24: Expecting value: line 1 column 1 (char 0)
